2022-05-23_02-34-41 [main] INFO  o.s.b.t.c.SpringBootTestContextBootstrapper - Neither @ContextConfiguration nor @ContextHierarchy found for test class [com.pms.pension.process.controller.PensionProcessControllerTest], using SpringBootContextLoader
2022-05-23_02-34-41 [main] INFO  o.s.t.c.s.AbstractContextLoader - Could not detect default resource locations for test class [com.pms.pension.process.controller.PensionProcessControllerTest]: no resource found for suffixes {-context.xml, Context.groovy}.
2022-05-23_02-34-41 [main] INFO  o.s.t.c.s.AnnotationConfigContextLoaderUtils - Could not detect default configuration classes for test class [com.pms.pension.process.controller.PensionProcessControllerTest]: PensionProcessControllerTest does not declare any static, non-private, non-final, nested classes annotated with @Configuration.
2022-05-23_02-34-41 [main] INFO  o.s.b.t.c.SpringBootTestContextBootstrapper - Found @SpringBootConfiguration com.pms.pension.process.ProcessPensionMicroserviceApplication for test class com.pms.pension.process.controller.PensionProcessControllerTest
2022-05-23_02-34-41 [main] INFO  o.s.b.t.c.SpringBootTestContextBootstrapper - Loaded default TestExecutionListener class names from location [META-INF/spring.factories]: [org.springframework.boot.test.mock.mockito.MockitoTestExecutionListener, org.springframework.boot.test.mock.mockito.ResetMocksTestExecutionListener, org.springframework.boot.test.autoconfigure.restdocs.RestDocsTestExecutionListener, org.springframework.boot.test.autoconfigure.web.client.MockRestServiceServerResetTestExecutionListener, org.springframework.boot.test.autoconfigure.web.servlet.MockMvcPrintOnlyOnFailureTestExecutionListener, org.springframework.boot.test.autoconfigure.web.servlet.WebDriverTestExecutionListener, org.springframework.boot.test.autoconfigure.webservices.client.MockWebServiceServerTestExecutionListener, org.springframework.test.context.web.ServletTestExecutionListener, org.springframework.test.context.support.DirtiesContextBeforeModesTestExecutionListener, org.springframework.test.context.event.ApplicationEventsTestExecutionListener, org.springframework.test.context.support.DependencyInjectionTestExecutionListener, org.springframework.test.context.support.DirtiesContextTestExecutionListener, org.springframework.test.context.transaction.TransactionalTestExecutionListener, org.springframework.test.context.jdbc.SqlScriptsTestExecutionListener, org.springframework.test.context.event.EventPublishingTestExecutionListener]
2022-05-23_02-34-41 [main] INFO  o.s.b.t.c.SpringBootTestContextBootstrapper - Using TestExecutionListeners: [org.springframework.test.context.web.ServletTestExecutionListener@452e26d0, org.springframework.test.context.support.DirtiesContextBeforeModesTestExecutionListener@46ab18da, org.springframework.test.context.event.ApplicationEventsTestExecutionListener@790174f2, org.springframework.boot.test.mock.mockito.MockitoTestExecutionListener@42257bdd, org.springframework.boot.test.autoconfigure.SpringBootDependencyInjectionTestExecutionListener@7689ddef, org.springframework.test.context.support.DirtiesContextTestExecutionListener@687a762c, org.springframework.test.context.event.EventPublishingTestExecutionListener@1a2e2935, org.springframework.boot.test.mock.mockito.ResetMocksTestExecutionListener@733c423e, org.springframework.boot.test.autoconfigure.restdocs.RestDocsTestExecutionListener@4b629f13, org.springframework.boot.test.autoconfigure.web.client.MockRestServiceServerResetTestExecutionListener@70925b45, org.springframework.boot.test.autoconfigure.web.servlet.MockMvcPrintOnlyOnFailureTestExecutionListener@1b9ea3e3, org.springframework.boot.test.autoconfigure.web.servlet.WebDriverTestExecutionListener@aa22f1c, org.springframework.boot.test.autoconfigure.webservices.client.MockWebServiceServerTestExecutionListener@55e7a35c]
2022-05-23_02-34-42 [background-preinit] INFO  o.h.validator.internal.util.Version - HV000001: Hibernate Validator 6.1.7.Final
2022-05-23_02-34-42 [main] INFO  c.p.p.p.c.PensionProcessControllerTest - Starting PensionProcessControllerTest using Java 15.0.2 on LAPTOP-99L8IUMB with PID 11064 (started by KRITHIGA in G:\Spring and Angular\pms-springboot-microservices\pms-processpension-microservice)
2022-05-23_02-34-42 [main] INFO  c.p.p.p.c.PensionProcessControllerTest - No active profile set, falling back to default profiles: default
2022-05-23_02-34-42 [main] INFO  o.s.cloud.context.scope.GenericScope - BeanFactory id=d3697a34-af9b-3823-b7c5-21af376135f5
2022-05-23_02-34-42 [main] INFO  o.s.s.c.ThreadPoolTaskExecutor - Initializing ExecutorService 'applicationTaskExecutor'
2022-05-23_02-34-42 [main] INFO  o.s.b.t.m.w.SpringBootMockServletContext - Initializing Spring TestDispatcherServlet ''
2022-05-23_02-34-42 [main] INFO  o.s.t.w.s.TestDispatcherServlet - Initializing Servlet ''
2022-05-23_02-34-42 [main] INFO  o.s.b.a.e.web.EndpointLinksResolver - Exposing 2 endpoint(s) beneath base path '/actuator'
2022-05-23_02-34-42 [main] INFO  o.s.t.w.s.TestDispatcherServlet - Completed initialization in 39 ms
2022-05-23_02-34-42 [main] INFO  c.p.p.p.c.PensionProcessControllerTest - Started PensionProcessControllerTest in 4.068 seconds (JVM running for 5.496)
2022-05-23_02-34-42 [main] INFO  o.s.b.t.c.SpringBootTestContextBootstrapper - Neither @ContextConfiguration nor @ContextHierarchy found for test class [com.pms.pension.process.controller.ProcessPensionControllerMethodTest], using SpringBootContextLoader
2022-05-23_02-34-42 [main] INFO  o.s.t.c.s.AbstractContextLoader - Could not detect default resource locations for test class [com.pms.pension.process.controller.ProcessPensionControllerMethodTest]: no resource found for suffixes {-context.xml, Context.groovy}.
2022-05-23_02-34-42 [main] INFO  o.s.t.c.s.AnnotationConfigContextLoaderUtils - Could not detect default configuration classes for test class [com.pms.pension.process.controller.ProcessPensionControllerMethodTest]: ProcessPensionControllerMethodTest does not declare any static, non-private, non-final, nested classes annotated with @Configuration.
2022-05-23_02-34-42 [main] INFO  o.s.b.t.c.SpringBootTestContextBootstrapper - Found @SpringBootConfiguration com.pms.pension.process.ProcessPensionMicroserviceApplication for test class com.pms.pension.process.controller.ProcessPensionControllerMethodTest
2022-05-23_02-34-42 [main] INFO  o.s.b.t.c.SpringBootTestContextBootstrapper - Loaded default TestExecutionListener class names from location [META-INF/spring.factories]: [org.springframework.boot.test.mock.mockito.MockitoTestExecutionListener, org.springframework.boot.test.mock.mockito.ResetMocksTestExecutionListener, org.springframework.boot.test.autoconfigure.restdocs.RestDocsTestExecutionListener, org.springframework.boot.test.autoconfigure.web.client.MockRestServiceServerResetTestExecutionListener, org.springframework.boot.test.autoconfigure.web.servlet.MockMvcPrintOnlyOnFailureTestExecutionListener, org.springframework.boot.test.autoconfigure.web.servlet.WebDriverTestExecutionListener, org.springframework.boot.test.autoconfigure.webservices.client.MockWebServiceServerTestExecutionListener, org.springframework.test.context.web.ServletTestExecutionListener, org.springframework.test.context.support.DirtiesContextBeforeModesTestExecutionListener, org.springframework.test.context.event.ApplicationEventsTestExecutionListener, org.springframework.test.context.support.DependencyInjectionTestExecutionListener, org.springframework.test.context.support.DirtiesContextTestExecutionListener, org.springframework.test.context.transaction.TransactionalTestExecutionListener, org.springframework.test.context.jdbc.SqlScriptsTestExecutionListener, org.springframework.test.context.event.EventPublishingTestExecutionListener]
2022-05-23_02-34-42 [main] INFO  o.s.b.t.c.SpringBootTestContextBootstrapper - Using TestExecutionListeners: [org.springframework.test.context.web.ServletTestExecutionListener@6071631f, org.springframework.test.context.support.DirtiesContextBeforeModesTestExecutionListener@2ca132ad, org.springframework.test.context.event.ApplicationEventsTestExecutionListener@6706da3d, org.springframework.boot.test.mock.mockito.MockitoTestExecutionListener@7438c3d5, org.springframework.boot.test.autoconfigure.SpringBootDependencyInjectionTestExecutionListener@1fba3fd6, org.springframework.test.context.support.DirtiesContextTestExecutionListener@3aab42d6, org.springframework.test.context.event.EventPublishingTestExecutionListener@6badb08c, org.springframework.boot.test.mock.mockito.ResetMocksTestExecutionListener@5939f047, org.springframework.boot.test.autoconfigure.restdocs.RestDocsTestExecutionListener@17332039, org.springframework.boot.test.autoconfigure.web.client.MockRestServiceServerResetTestExecutionListener@776e7dfb, org.springframework.boot.test.autoconfigure.web.servlet.MockMvcPrintOnlyOnFailureTestExecutionListener@71418a4a, org.springframework.boot.test.autoconfigure.web.servlet.WebDriverTestExecutionListener@67ecf7ed, org.springframework.boot.test.autoconfigure.webservices.client.MockWebServiceServerTestExecutionListener@69d021c1]
2022-05-23_02-34-46 [main] INFO  c.p.p.p.c.ProcessPensionControllerMethodTest - Starting ProcessPensionControllerMethodTest using Java 15.0.2 on LAPTOP-99L8IUMB with PID 11064 (started by KRITHIGA in G:\Spring and Angular\pms-springboot-microservices\pms-processpension-microservice)
2022-05-23_02-34-46 [main] INFO  c.p.p.p.c.ProcessPensionControllerMethodTest - No active profile set, falling back to default profiles: default
2022-05-23_02-34-46 [main] INFO  o.s.cloud.context.scope.GenericScope - BeanFactory id=d3697a34-af9b-3823-b7c5-21af376135f5
2022-05-23_02-34-46 [main] INFO  o.s.c.s.PostProcessorRegistrationDelegate$BeanPostProcessorChecker - Bean 'com.pms.pension.process.feignclient.PensionDisbursementFeignClient' of type [org.springframework.cloud.openfeign.FeignClientFactoryBean] is not eligible for getting processed by all BeanPostProcessors (for example: not eligible for auto-proxying)
2022-05-23_02-34-46 [main] INFO  o.s.c.s.PostProcessorRegistrationDelegate$BeanPostProcessorChecker - Bean 'com.pms.pension.process.feignclient.PensionerDetailFeignClient' of type [org.springframework.cloud.openfeign.FeignClientFactoryBean] is not eligible for getting processed by all BeanPostProcessors (for example: not eligible for auto-proxying)
2022-05-23_02-34-46 [main] INFO  o.s.s.c.ThreadPoolTaskExecutor - Initializing ExecutorService 'applicationTaskExecutor'
2022-05-23_02-34-46 [main] INFO  o.s.b.t.m.w.SpringBootMockServletContext - Initializing Spring TestDispatcherServlet ''
2022-05-23_02-34-46 [main] INFO  o.s.t.w.s.TestDispatcherServlet - Initializing Servlet ''
2022-05-23_02-34-46 [main] INFO  o.s.b.a.e.web.EndpointLinksResolver - Exposing 2 endpoint(s) beneath base path '/actuator'
2022-05-23_02-34-46 [main] INFO  o.s.t.w.s.TestDispatcherServlet - Completed initialization in 41 ms
2022-05-23_02-34-46 [main] INFO  c.p.p.p.c.ProcessPensionControllerMethodTest - Started ProcessPensionControllerMethodTest in 2.054 seconds (JVM running for 8.234)
2022-05-23_02-34-46 [main] INFO  o.s.b.t.c.SpringBootTestContextBootstrapper - Neither @ContextConfiguration nor @ContextHierarchy found for test class [com.pms.pension.process.exception.ProcessPensionExceptionTest], using SpringBootContextLoader
2022-05-23_02-34-46 [main] INFO  o.s.t.c.s.AbstractContextLoader - Could not detect default resource locations for test class [com.pms.pension.process.exception.ProcessPensionExceptionTest]: no resource found for suffixes {-context.xml, Context.groovy}.
2022-05-23_02-34-46 [main] INFO  o.s.t.c.s.AnnotationConfigContextLoaderUtils - Could not detect default configuration classes for test class [com.pms.pension.process.exception.ProcessPensionExceptionTest]: ProcessPensionExceptionTest does not declare any static, non-private, non-final, nested classes annotated with @Configuration.
2022-05-23_02-34-46 [main] INFO  o.s.b.t.c.SpringBootTestContextBootstrapper - Found @SpringBootConfiguration com.pms.pension.process.ProcessPensionMicroserviceApplication for test class com.pms.pension.process.exception.ProcessPensionExceptionTest
2022-05-23_02-34-46 [main] INFO  o.s.b.t.c.SpringBootTestContextBootstrapper - Loaded default TestExecutionListener class names from location [META-INF/spring.factories]: [org.springframework.boot.test.mock.mockito.MockitoTestExecutionListener, org.springframework.boot.test.mock.mockito.ResetMocksTestExecutionListener, org.springframework.boot.test.autoconfigure.restdocs.RestDocsTestExecutionListener, org.springframework.boot.test.autoconfigure.web.client.MockRestServiceServerResetTestExecutionListener, org.springframework.boot.test.autoconfigure.web.servlet.MockMvcPrintOnlyOnFailureTestExecutionListener, org.springframework.boot.test.autoconfigure.web.servlet.WebDriverTestExecutionListener, org.springframework.boot.test.autoconfigure.webservices.client.MockWebServiceServerTestExecutionListener, org.springframework.test.context.web.ServletTestExecutionListener, org.springframework.test.context.support.DirtiesContextBeforeModesTestExecutionListener, org.springframework.test.context.event.ApplicationEventsTestExecutionListener, org.springframework.test.context.support.DependencyInjectionTestExecutionListener, org.springframework.test.context.support.DirtiesContextTestExecutionListener, org.springframework.test.context.transaction.TransactionalTestExecutionListener, org.springframework.test.context.jdbc.SqlScriptsTestExecutionListener, org.springframework.test.context.event.EventPublishingTestExecutionListener]
2022-05-23_02-34-46 [main] INFO  o.s.b.t.c.SpringBootTestContextBootstrapper - Using TestExecutionListeners: [org.springframework.test.context.web.ServletTestExecutionListener@760c777d, org.springframework.test.context.support.DirtiesContextBeforeModesTestExecutionListener@7ea039b4, org.springframework.test.context.event.ApplicationEventsTestExecutionListener@1aef7428, org.springframework.boot.test.mock.mockito.MockitoTestExecutionListener@1610c03c, org.springframework.boot.test.autoconfigure.SpringBootDependencyInjectionTestExecutionListener@332fa1c, org.springframework.test.context.support.DirtiesContextTestExecutionListener@7c200e57, org.springframework.test.context.event.EventPublishingTestExecutionListener@1d0f7bcf, org.springframework.boot.test.mock.mockito.ResetMocksTestExecutionListener@d0e4972, org.springframework.boot.test.autoconfigure.restdocs.RestDocsTestExecutionListener@1978b0d5, org.springframework.boot.test.autoconfigure.web.client.MockRestServiceServerResetTestExecutionListener@6556471b, org.springframework.boot.test.autoconfigure.web.servlet.MockMvcPrintOnlyOnFailureTestExecutionListener@3e1897d, org.springframework.boot.test.autoconfigure.web.servlet.WebDriverTestExecutionListener@7cdb05aa, org.springframework.boot.test.autoconfigure.webservices.client.MockWebServiceServerTestExecutionListener@2079fcfc]
2022-05-23_02-34-49 [main] INFO  c.p.p.p.e.ProcessPensionExceptionTest - Starting ProcessPensionExceptionTest using Java 15.0.2 on LAPTOP-99L8IUMB with PID 11064 (started by KRITHIGA in G:\Spring and Angular\pms-springboot-microservices\pms-processpension-microservice)
2022-05-23_02-34-49 [main] INFO  c.p.p.p.e.ProcessPensionExceptionTest - No active profile set, falling back to default profiles: default
2022-05-23_02-34-49 [main] INFO  o.s.cloud.context.scope.GenericScope - BeanFactory id=49bc9b95-6047-33c7-aa38-eba85d3ee3cf
2022-05-23_02-34-49 [main] INFO  o.s.c.s.PostProcessorRegistrationDelegate$BeanPostProcessorChecker - Bean 'com.pms.pension.process.feignclient.AuthorisingClient' of type [org.springframework.cloud.openfeign.FeignClientFactoryBean] is not eligible for getting processed by all BeanPostProcessors (for example: not eligible for auto-proxying)
2022-05-23_02-34-49 [main] INFO  o.s.c.s.PostProcessorRegistrationDelegate$BeanPostProcessorChecker - Bean 'com.pms.pension.process.feignclient.PensionDisbursementFeignClient' of type [org.springframework.cloud.openfeign.FeignClientFactoryBean] is not eligible for getting processed by all BeanPostProcessors (for example: not eligible for auto-proxying)
2022-05-23_02-34-49 [main] INFO  o.s.c.s.PostProcessorRegistrationDelegate$BeanPostProcessorChecker - Bean 'com.pms.pension.process.feignclient.PensionerDetailFeignClient' of type [org.springframework.cloud.openfeign.FeignClientFactoryBean] is not eligible for getting processed by all BeanPostProcessors (for example: not eligible for auto-proxying)
2022-05-23_02-34-49 [main] INFO  o.s.s.c.ThreadPoolTaskExecutor - Initializing ExecutorService 'applicationTaskExecutor'
2022-05-23_02-34-49 [main] INFO  o.s.b.a.e.web.EndpointLinksResolver - Exposing 2 endpoint(s) beneath base path '/actuator'
2022-05-23_02-34-49 [main] INFO  c.p.p.p.e.ProcessPensionExceptionTest - Started ProcessPensionExceptionTest in 1.528 seconds (JVM running for 9.902)
2022-05-23_02-34-49 [main] INFO  o.s.b.t.c.SpringBootTestContextBootstrapper - Neither @ContextConfiguration nor @ContextHierarchy found for test class [com.pms.pension.process.ProcessPensionMicroserviceApplicationTests], using SpringBootContextLoader
2022-05-23_02-34-49 [main] INFO  o.s.t.c.s.AbstractContextLoader - Could not detect default resource locations for test class [com.pms.pension.process.ProcessPensionMicroserviceApplicationTests]: no resource found for suffixes {-context.xml, Context.groovy}.
2022-05-23_02-34-49 [main] INFO  o.s.t.c.s.AnnotationConfigContextLoaderUtils - Could not detect default configuration classes for test class [com.pms.pension.process.ProcessPensionMicroserviceApplicationTests]: ProcessPensionMicroserviceApplicationTests does not declare any static, non-private, non-final, nested classes annotated with @Configuration.
2022-05-23_02-34-49 [main] INFO  o.s.b.t.c.SpringBootTestContextBootstrapper - Found @SpringBootConfiguration com.pms.pension.process.ProcessPensionMicroserviceApplication for test class com.pms.pension.process.ProcessPensionMicroserviceApplicationTests
2022-05-23_02-34-49 [main] INFO  o.s.b.t.c.SpringBootTestContextBootstrapper - Loaded default TestExecutionListener class names from location [META-INF/spring.factories]: [org.springframework.boot.test.mock.mockito.MockitoTestExecutionListener, org.springframework.boot.test.mock.mockito.ResetMocksTestExecutionListener, org.springframework.boot.test.autoconfigure.restdocs.RestDocsTestExecutionListener, org.springframework.boot.test.autoconfigure.web.client.MockRestServiceServerResetTestExecutionListener, org.springframework.boot.test.autoconfigure.web.servlet.MockMvcPrintOnlyOnFailureTestExecutionListener, org.springframework.boot.test.autoconfigure.web.servlet.WebDriverTestExecutionListener, org.springframework.boot.test.autoconfigure.webservices.client.MockWebServiceServerTestExecutionListener, org.springframework.test.context.web.ServletTestExecutionListener, org.springframework.test.context.support.DirtiesContextBeforeModesTestExecutionListener, org.springframework.test.context.event.ApplicationEventsTestExecutionListener, org.springframework.test.context.support.DependencyInjectionTestExecutionListener, org.springframework.test.context.support.DirtiesContextTestExecutionListener, org.springframework.test.context.transaction.TransactionalTestExecutionListener, org.springframework.test.context.jdbc.SqlScriptsTestExecutionListener, org.springframework.test.context.event.EventPublishingTestExecutionListener]
2022-05-23_02-34-49 [main] INFO  o.s.b.t.c.SpringBootTestContextBootstrapper - Using TestExecutionListeners: [org.springframework.test.context.web.ServletTestExecutionListener@33f4844b, org.springframework.test.context.support.DirtiesContextBeforeModesTestExecutionListener@201b52f7, org.springframework.test.context.event.ApplicationEventsTestExecutionListener@435a2c7d, org.springframework.boot.test.mock.mockito.MockitoTestExecutionListener@57806346, org.springframework.boot.test.autoconfigure.SpringBootDependencyInjectionTestExecutionListener@40416321, org.springframework.test.context.support.DirtiesContextTestExecutionListener@3ab70d34, org.springframework.test.context.event.EventPublishingTestExecutionListener@289cf7db, org.springframework.boot.test.mock.mockito.ResetMocksTestExecutionListener@7c523bdd, org.springframework.boot.test.autoconfigure.restdocs.RestDocsTestExecutionListener@3741071d, org.springframework.boot.test.autoconfigure.web.client.MockRestServiceServerResetTestExecutionListener@351d726c, org.springframework.boot.test.autoconfigure.web.servlet.MockMvcPrintOnlyOnFailureTestExecutionListener@7af0693b, org.springframework.boot.test.autoconfigure.web.servlet.WebDriverTestExecutionListener@1791396b, org.springframework.boot.test.autoconfigure.webservices.client.MockWebServiceServerTestExecutionListener@28d7bd6b]
2022-05-23_02-34-50 [main] INFO  c.p.p.p.ProcessPensionMicroserviceApplication - Starting ProcessPensionMicroserviceApplication using Java 15.0.2 on LAPTOP-99L8IUMB with PID 11064 (started by KRITHIGA in G:\Spring and Angular\pms-springboot-microservices\pms-processpension-microservice)
2022-05-23_02-34-50 [main] INFO  c.p.p.p.ProcessPensionMicroserviceApplication - No active profile set, falling back to default profiles: default
2022-05-23_02-34-50 [main] INFO  o.s.cloud.context.scope.GenericScope - BeanFactory id=eb1007e5-942f-30b4-9785-01c3e7b25767
2022-05-23_02-34-50 [main] INFO  o.s.c.s.PostProcessorRegistrationDelegate$BeanPostProcessorChecker - Bean 'com.pms.pension.process.feignclient.AuthorisingClient' of type [org.springframework.cloud.openfeign.FeignClientFactoryBean] is not eligible for getting processed by all BeanPostProcessors (for example: not eligible for auto-proxying)
2022-05-23_02-34-50 [main] INFO  o.s.c.s.PostProcessorRegistrationDelegate$BeanPostProcessorChecker - Bean 'com.pms.pension.process.feignclient.PensionDisbursementFeignClient' of type [org.springframework.cloud.openfeign.FeignClientFactoryBean] is not eligible for getting processed by all BeanPostProcessors (for example: not eligible for auto-proxying)
2022-05-23_02-34-50 [main] INFO  o.s.c.s.PostProcessorRegistrationDelegate$BeanPostProcessorChecker - Bean 'com.pms.pension.process.feignclient.PensionerDetailFeignClient' of type [org.springframework.cloud.openfeign.FeignClientFactoryBean] is not eligible for getting processed by all BeanPostProcessors (for example: not eligible for auto-proxying)
2022-05-23_02-34-50 [main] INFO  o.s.b.w.e.tomcat.TomcatWebServer - Tomcat initialized with port(s): 8100 (http)
2022-05-23_02-34-50 [main] INFO  o.a.coyote.http11.Http11NioProtocol - Initializing ProtocolHandler ["http-nio-8100"]
2022-05-23_02-34-50 [main] INFO  o.a.catalina.core.StandardService - Starting service [Tomcat]
2022-05-23_02-34-50 [main] INFO  o.a.catalina.core.StandardEngine - Starting Servlet engine: [Apache Tomcat/9.0.41]
2022-05-23_02-34-50 [main] INFO  o.a.c.c.C.[.[localhost].[/process] - Initializing Spring embedded WebApplicationContext
2022-05-23_02-34-50 [main] INFO  o.s.b.w.s.c.ServletWebServerApplicationContext - Root WebApplicationContext: initialization completed in 897 ms
2022-05-23_02-34-50 [main] INFO  o.s.s.c.ThreadPoolTaskExecutor - Initializing ExecutorService 'applicationTaskExecutor'
2022-05-23_02-34-50 [main] INFO  o.s.b.a.e.web.EndpointLinksResolver - Exposing 2 endpoint(s) beneath base path '/actuator'
2022-05-23_02-34-50 [main] INFO  o.a.coyote.http11.Http11NioProtocol - Starting ProtocolHandler ["http-nio-8100"]
2022-05-23_02-34-50 [main] INFO  o.s.b.w.e.tomcat.TomcatWebServer - Tomcat started on port(s): 8100 (http) with context path '/process'
2022-05-23_02-34-50 [main] INFO  c.p.p.p.ProcessPensionMicroserviceApplication - Started ProcessPensionMicroserviceApplication in 1.634 seconds (JVM running for 11.955)
2022-05-23_02-34-50 [main] INFO  o.s.b.t.c.SpringBootTestContextBootstrapper - Neither @ContextConfiguration nor @ContextHierarchy found for test class [com.pms.pension.process.service.ProcessPensionServiceTest], using SpringBootContextLoader
2022-05-23_02-34-50 [main] INFO  o.s.t.c.s.AbstractContextLoader - Could not detect default resource locations for test class [com.pms.pension.process.service.ProcessPensionServiceTest]: no resource found for suffixes {-context.xml, Context.groovy}.
2022-05-23_02-34-50 [main] INFO  o.s.t.c.s.AnnotationConfigContextLoaderUtils - Could not detect default configuration classes for test class [com.pms.pension.process.service.ProcessPensionServiceTest]: ProcessPensionServiceTest does not declare any static, non-private, non-final, nested classes annotated with @Configuration.
2022-05-23_02-34-50 [main] INFO  o.s.b.t.c.SpringBootTestContextBootstrapper - Found @SpringBootConfiguration com.pms.pension.process.ProcessPensionMicroserviceApplication for test class com.pms.pension.process.service.ProcessPensionServiceTest
2022-05-23_02-34-50 [main] INFO  o.s.b.t.c.SpringBootTestContextBootstrapper - Loaded default TestExecutionListener class names from location [META-INF/spring.factories]: [org.springframework.boot.test.mock.mockito.MockitoTestExecutionListener, org.springframework.boot.test.mock.mockito.ResetMocksTestExecutionListener, org.springframework.boot.test.autoconfigure.restdocs.RestDocsTestExecutionListener, org.springframework.boot.test.autoconfigure.web.client.MockRestServiceServerResetTestExecutionListener, org.springframework.boot.test.autoconfigure.web.servlet.MockMvcPrintOnlyOnFailureTestExecutionListener, org.springframework.boot.test.autoconfigure.web.servlet.WebDriverTestExecutionListener, org.springframework.boot.test.autoconfigure.webservices.client.MockWebServiceServerTestExecutionListener, org.springframework.test.context.web.ServletTestExecutionListener, org.springframework.test.context.support.DirtiesContextBeforeModesTestExecutionListener, org.springframework.test.context.event.ApplicationEventsTestExecutionListener, org.springframework.test.context.support.DependencyInjectionTestExecutionListener, org.springframework.test.context.support.DirtiesContextTestExecutionListener, org.springframework.test.context.transaction.TransactionalTestExecutionListener, org.springframework.test.context.jdbc.SqlScriptsTestExecutionListener, org.springframework.test.context.event.EventPublishingTestExecutionListener]
2022-05-23_02-34-50 [main] INFO  o.s.b.t.c.SpringBootTestContextBootstrapper - Using TestExecutionListeners: [org.springframework.test.context.web.ServletTestExecutionListener@287dde94, org.springframework.test.context.support.DirtiesContextBeforeModesTestExecutionListener@2f650dae, org.springframework.test.context.event.ApplicationEventsTestExecutionListener@4df8443f, org.springframework.boot.test.mock.mockito.MockitoTestExecutionListener@79aa675b, org.springframework.boot.test.autoconfigure.SpringBootDependencyInjectionTestExecutionListener@3fe59f84, org.springframework.test.context.support.DirtiesContextTestExecutionListener@38eafdab, org.springframework.test.context.event.EventPublishingTestExecutionListener@373c8f35, org.springframework.boot.test.mock.mockito.ResetMocksTestExecutionListener@1d86b636, org.springframework.boot.test.autoconfigure.restdocs.RestDocsTestExecutionListener@e0c03bd, org.springframework.boot.test.autoconfigure.web.client.MockRestServiceServerResetTestExecutionListener@61e4a072, org.springframework.boot.test.autoconfigure.web.servlet.MockMvcPrintOnlyOnFailureTestExecutionListener@32f2de5c, org.springframework.boot.test.autoconfigure.web.servlet.WebDriverTestExecutionListener@1a6df932, org.springframework.boot.test.autoconfigure.webservices.client.MockWebServiceServerTestExecutionListener@74120029]
2022-05-23_02-34-50 [SpringContextShutdownHook] INFO  o.s.s.c.ThreadPoolTaskExecutor - Shutting down ExecutorService 'applicationTaskExecutor'
2022-05-23_02-34-50 [SpringContextShutdownHook] INFO  o.s.s.c.ThreadPoolTaskExecutor - Shutting down ExecutorService 'applicationTaskExecutor'
2022-05-23_02-34-50 [SpringContextShutdownHook] INFO  o.s.s.c.ThreadPoolTaskExecutor - Shutting down ExecutorService 'applicationTaskExecutor'
2022-05-23_02-34-50 [SpringContextShutdownHook] INFO  o.s.s.c.ThreadPoolTaskExecutor - Shutting down ExecutorService 'applicationTaskExecutor'
2022-05-23_02-58-19 [background-preinit] INFO  o.h.validator.internal.util.Version - HV000001: Hibernate Validator 6.1.7.Final
2022-05-23_02-58-19 [restartedMain] INFO  c.p.p.p.ProcessPensionMicroserviceApplication - Starting ProcessPensionMicroserviceApplication using Java 15.0.2 on LAPTOP-99L8IUMB with PID 8944 (G:\Spring and Angular\pms-springboot-microservices\pms-processpension-microservice\target\classes started by KRITHIGA in G:\Spring and Angular\pms-springboot-microservices\pms-processpension-microservice)
2022-05-23_02-58-19 [restartedMain] INFO  c.p.p.p.ProcessPensionMicroserviceApplication - No active profile set, falling back to default profiles: default
2022-05-23_02-58-19 [restartedMain] INFO  o.s.b.d.e.DevToolsPropertyDefaultsPostProcessor - Devtools property defaults active! Set 'spring.devtools.add-properties' to 'false' to disable
2022-05-23_02-58-19 [restartedMain] INFO  o.s.b.d.e.DevToolsPropertyDefaultsPostProcessor - For additional web related logging consider setting the 'logging.level.web' property to 'DEBUG'
2022-05-23_02-58-19 [restartedMain] INFO  o.s.cloud.context.scope.GenericScope - BeanFactory id=75ce6293-5699-3af6-ab19-81c4c1b31a31
2022-05-23_02-58-19 [restartedMain] INFO  o.s.c.s.PostProcessorRegistrationDelegate$BeanPostProcessorChecker - Bean 'com.pms.pension.process.feignclient.AuthorisingClient' of type [org.springframework.cloud.openfeign.FeignClientFactoryBean] is not eligible for getting processed by all BeanPostProcessors (for example: not eligible for auto-proxying)
2022-05-23_02-58-19 [restartedMain] INFO  o.s.c.s.PostProcessorRegistrationDelegate$BeanPostProcessorChecker - Bean 'com.pms.pension.process.feignclient.PensionDisbursementFeignClient' of type [org.springframework.cloud.openfeign.FeignClientFactoryBean] is not eligible for getting processed by all BeanPostProcessors (for example: not eligible for auto-proxying)
2022-05-23_02-58-19 [restartedMain] INFO  o.s.c.s.PostProcessorRegistrationDelegate$BeanPostProcessorChecker - Bean 'com.pms.pension.process.feignclient.PensionerDetailFeignClient' of type [org.springframework.cloud.openfeign.FeignClientFactoryBean] is not eligible for getting processed by all BeanPostProcessors (for example: not eligible for auto-proxying)
2022-05-23_02-58-19 [restartedMain] INFO  o.s.b.w.e.tomcat.TomcatWebServer - Tomcat initialized with port(s): 8100 (http)
2022-05-23_02-58-19 [restartedMain] INFO  o.a.coyote.http11.Http11NioProtocol - Initializing ProtocolHandler ["http-nio-8100"]
2022-05-23_02-58-19 [restartedMain] INFO  o.a.catalina.core.StandardService - Starting service [Tomcat]
2022-05-23_02-58-19 [restartedMain] INFO  o.a.catalina.core.StandardEngine - Starting Servlet engine: [Apache Tomcat/9.0.41]
2022-05-23_02-58-19 [restartedMain] INFO  o.a.c.c.C.[.[localhost].[/process] - Initializing Spring embedded WebApplicationContext
2022-05-23_02-58-19 [restartedMain] INFO  o.s.b.w.s.c.ServletWebServerApplicationContext - Root WebApplicationContext: initialization completed in 2516 ms
2022-05-23_02-58-19 [restartedMain] INFO  o.s.s.c.ThreadPoolTaskExecutor - Initializing ExecutorService 'applicationTaskExecutor'
2022-05-23_02-58-19 [restartedMain] INFO  o.s.b.a.e.web.EndpointLinksResolver - Exposing 2 endpoint(s) beneath base path '/actuator'
2022-05-23_02-58-19 [restartedMain] INFO  o.a.coyote.http11.Http11NioProtocol - Starting ProtocolHandler ["http-nio-8100"]
2022-05-23_02-58-19 [restartedMain] INFO  o.s.b.w.e.tomcat.TomcatWebServer - Tomcat started on port(s): 8100 (http) with context path '/process'
2022-05-23_02-58-19 [restartedMain] INFO  c.p.p.p.ProcessPensionMicroserviceApplication - Started ProcessPensionMicroserviceApplication in 4.341 seconds (JVM running for 5.135)
2022-05-23_02-58-19 [http-nio-8100-exec-1] INFO  o.a.c.c.C.[.[localhost].[/process] - Initializing Spring DispatcherServlet 'dispatcherServlet'
2022-05-23_02-58-19 [http-nio-8100-exec-1] INFO  o.s.web.servlet.DispatcherServlet - Initializing Servlet 'dispatcherServlet'
2022-05-23_02-58-19 [http-nio-8100-exec-1] INFO  o.s.web.servlet.DispatcherServlet - Completed initialization in 4 ms
2022-05-23_10-54-29 [background-preinit] INFO  o.h.validator.internal.util.Version - HV000001: Hibernate Validator 6.1.7.Final
2022-05-23_10-54-29 [restartedMain] INFO  c.p.p.p.ProcessPensionMicroserviceApplication - Starting ProcessPensionMicroserviceApplication using Java 15.0.2 on LAPTOP-99L8IUMB with PID 21748 (G:\Spring and Angular\pms-springboot-microservices\pms-processpension-microservice\target\classes started by KRITHIGA in G:\Spring and Angular\pms-springboot-microservices\pms-processpension-microservice)
2022-05-23_10-54-29 [restartedMain] INFO  c.p.p.p.ProcessPensionMicroserviceApplication - No active profile set, falling back to default profiles: default
2022-05-23_10-54-29 [restartedMain] INFO  o.s.b.d.e.DevToolsPropertyDefaultsPostProcessor - Devtools property defaults active! Set 'spring.devtools.add-properties' to 'false' to disable
2022-05-23_10-54-29 [restartedMain] INFO  o.s.b.d.e.DevToolsPropertyDefaultsPostProcessor - For additional web related logging consider setting the 'logging.level.web' property to 'DEBUG'
2022-05-23_10-54-29 [restartedMain] INFO  o.s.cloud.context.scope.GenericScope - BeanFactory id=75ce6293-5699-3af6-ab19-81c4c1b31a31
2022-05-23_10-54-29 [restartedMain] INFO  o.s.c.s.PostProcessorRegistrationDelegate$BeanPostProcessorChecker - Bean 'com.pms.pension.process.feignclient.AuthorisingClient' of type [org.springframework.cloud.openfeign.FeignClientFactoryBean] is not eligible for getting processed by all BeanPostProcessors (for example: not eligible for auto-proxying)
2022-05-23_10-54-29 [restartedMain] INFO  o.s.c.s.PostProcessorRegistrationDelegate$BeanPostProcessorChecker - Bean 'com.pms.pension.process.feignclient.PensionDisbursementFeignClient' of type [org.springframework.cloud.openfeign.FeignClientFactoryBean] is not eligible for getting processed by all BeanPostProcessors (for example: not eligible for auto-proxying)
2022-05-23_10-54-29 [restartedMain] INFO  o.s.c.s.PostProcessorRegistrationDelegate$BeanPostProcessorChecker - Bean 'com.pms.pension.process.feignclient.PensionerDetailFeignClient' of type [org.springframework.cloud.openfeign.FeignClientFactoryBean] is not eligible for getting processed by all BeanPostProcessors (for example: not eligible for auto-proxying)
2022-05-23_10-54-29 [restartedMain] INFO  o.s.b.w.e.tomcat.TomcatWebServer - Tomcat initialized with port(s): 8100 (http)
2022-05-23_10-54-29 [restartedMain] INFO  o.a.coyote.http11.Http11NioProtocol - Initializing ProtocolHandler ["http-nio-8100"]
2022-05-23_10-54-29 [restartedMain] INFO  o.a.catalina.core.StandardService - Starting service [Tomcat]
2022-05-23_10-54-29 [restartedMain] INFO  o.a.catalina.core.StandardEngine - Starting Servlet engine: [Apache Tomcat/9.0.41]
2022-05-23_10-54-29 [restartedMain] INFO  o.a.c.c.C.[.[localhost].[/process] - Initializing Spring embedded WebApplicationContext
2022-05-23_10-54-29 [restartedMain] INFO  o.s.b.w.s.c.ServletWebServerApplicationContext - Root WebApplicationContext: initialization completed in 2853 ms
2022-05-23_10-54-29 [restartedMain] INFO  o.s.s.c.ThreadPoolTaskExecutor - Initializing ExecutorService 'applicationTaskExecutor'
2022-05-23_10-54-29 [restartedMain] INFO  o.s.b.a.e.web.EndpointLinksResolver - Exposing 2 endpoint(s) beneath base path '/actuator'
2022-05-23_10-54-29 [restartedMain] INFO  o.a.coyote.http11.Http11NioProtocol - Starting ProtocolHandler ["http-nio-8100"]
2022-05-23_10-54-29 [restartedMain] INFO  o.s.b.w.e.tomcat.TomcatWebServer - Tomcat started on port(s): 8100 (http) with context path '/process'
2022-05-23_10-54-29 [restartedMain] INFO  c.p.p.p.ProcessPensionMicroserviceApplication - Started ProcessPensionMicroserviceApplication in 5.74 seconds (JVM running for 7.08)
2022-05-23_10-54-29 [Thread-1] INFO  o.s.s.c.ThreadPoolTaskExecutor - Shutting down ExecutorService 'applicationTaskExecutor'
2022-05-23_11-30-26 [restartedMain] INFO  c.p.p.p.ProcessPensionMicroserviceApplication - Starting ProcessPensionMicroserviceApplication using Java 15.0.2 on LAPTOP-99L8IUMB with PID 21748 (G:\Spring and Angular\pms-springboot-microservices\pms-processpension-microservice\target\classes started by KRITHIGA in G:\Spring and Angular\pms-springboot-microservices\pms-processpension-microservice)
2022-05-23_11-30-26 [restartedMain] INFO  c.p.p.p.ProcessPensionMicroserviceApplication - No active profile set, falling back to default profiles: default
2022-05-23_11-30-26 [restartedMain] INFO  o.s.cloud.context.scope.GenericScope - BeanFactory id=75ce6293-5699-3af6-ab19-81c4c1b31a31
2022-05-23_11-30-26 [restartedMain] INFO  o.s.c.s.PostProcessorRegistrationDelegate$BeanPostProcessorChecker - Bean 'com.pms.pension.process.feignclient.AuthorisingClient' of type [org.springframework.cloud.openfeign.FeignClientFactoryBean] is not eligible for getting processed by all BeanPostProcessors (for example: not eligible for auto-proxying)
2022-05-23_11-30-26 [restartedMain] INFO  o.s.c.s.PostProcessorRegistrationDelegate$BeanPostProcessorChecker - Bean 'com.pms.pension.process.feignclient.PensionDisbursementFeignClient' of type [org.springframework.cloud.openfeign.FeignClientFactoryBean] is not eligible for getting processed by all BeanPostProcessors (for example: not eligible for auto-proxying)
2022-05-23_11-30-26 [restartedMain] INFO  o.s.c.s.PostProcessorRegistrationDelegate$BeanPostProcessorChecker - Bean 'com.pms.pension.process.feignclient.PensionerDetailFeignClient' of type [org.springframework.cloud.openfeign.FeignClientFactoryBean] is not eligible for getting processed by all BeanPostProcessors (for example: not eligible for auto-proxying)
2022-05-23_11-30-26 [restartedMain] INFO  o.s.b.w.e.tomcat.TomcatWebServer - Tomcat initialized with port(s): 8100 (http)
2022-05-23_11-30-26 [restartedMain] INFO  o.a.coyote.http11.Http11NioProtocol - Initializing ProtocolHandler ["http-nio-8100"]
2022-05-23_11-30-26 [restartedMain] INFO  o.a.catalina.core.StandardService - Starting service [Tomcat]
2022-05-23_11-30-26 [restartedMain] INFO  o.a.catalina.core.StandardEngine - Starting Servlet engine: [Apache Tomcat/9.0.41]
2022-05-23_11-30-26 [restartedMain] INFO  o.a.c.c.C.[.[localhost].[/process] - Initializing Spring embedded WebApplicationContext
2022-05-23_11-30-26 [restartedMain] INFO  o.s.b.w.s.c.ServletWebServerApplicationContext - Root WebApplicationContext: initialization completed in 936 ms
2022-05-23_11-30-26 [restartedMain] INFO  o.s.s.c.ThreadPoolTaskExecutor - Initializing ExecutorService 'applicationTaskExecutor'
2022-05-23_11-30-26 [restartedMain] INFO  o.s.b.a.e.web.EndpointLinksResolver - Exposing 2 endpoint(s) beneath base path '/actuator'
2022-05-23_11-30-26 [restartedMain] INFO  o.a.coyote.http11.Http11NioProtocol - Starting ProtocolHandler ["http-nio-8100"]
2022-05-23_11-30-26 [restartedMain] INFO  o.s.b.w.e.tomcat.TomcatWebServer - Tomcat started on port(s): 8100 (http) with context path '/process'
2022-05-23_11-30-26 [restartedMain] INFO  c.p.p.p.ProcessPensionMicroserviceApplication - Started ProcessPensionMicroserviceApplication in 1.845 seconds (JVM running for 2160.743)
2022-05-23_11-30-26 [restartedMain] INFO  o.s.b.d.a.ConditionEvaluationDeltaLoggingListener - Condition evaluation unchanged
2022-05-23_11-30-26 [Thread-8] INFO  o.s.s.c.ThreadPoolTaskExecutor - Shutting down ExecutorService 'applicationTaskExecutor'
2022-05-23_11-30-32 [restartedMain] INFO  c.p.p.p.ProcessPensionMicroserviceApplication - Starting ProcessPensionMicroserviceApplication using Java 15.0.2 on LAPTOP-99L8IUMB with PID 21748 (G:\Spring and Angular\pms-springboot-microservices\pms-processpension-microservice\target\classes started by KRITHIGA in G:\Spring and Angular\pms-springboot-microservices\pms-processpension-microservice)
2022-05-23_11-30-32 [restartedMain] INFO  c.p.p.p.ProcessPensionMicroserviceApplication - No active profile set, falling back to default profiles: default
2022-05-23_11-30-32 [restartedMain] INFO  o.s.cloud.context.scope.GenericScope - BeanFactory id=75ce6293-5699-3af6-ab19-81c4c1b31a31
2022-05-23_11-30-32 [restartedMain] INFO  o.s.c.s.PostProcessorRegistrationDelegate$BeanPostProcessorChecker - Bean 'com.pms.pension.process.feignclient.AuthorisingClient' of type [org.springframework.cloud.openfeign.FeignClientFactoryBean] is not eligible for getting processed by all BeanPostProcessors (for example: not eligible for auto-proxying)
2022-05-23_11-30-32 [restartedMain] INFO  o.s.c.s.PostProcessorRegistrationDelegate$BeanPostProcessorChecker - Bean 'com.pms.pension.process.feignclient.PensionDisbursementFeignClient' of type [org.springframework.cloud.openfeign.FeignClientFactoryBean] is not eligible for getting processed by all BeanPostProcessors (for example: not eligible for auto-proxying)
2022-05-23_11-30-32 [restartedMain] INFO  o.s.c.s.PostProcessorRegistrationDelegate$BeanPostProcessorChecker - Bean 'com.pms.pension.process.feignclient.PensionerDetailFeignClient' of type [org.springframework.cloud.openfeign.FeignClientFactoryBean] is not eligible for getting processed by all BeanPostProcessors (for example: not eligible for auto-proxying)
2022-05-23_11-30-32 [restartedMain] INFO  o.s.b.w.e.tomcat.TomcatWebServer - Tomcat initialized with port(s): 8100 (http)
2022-05-23_11-30-32 [restartedMain] INFO  o.a.coyote.http11.Http11NioProtocol - Initializing ProtocolHandler ["http-nio-8100"]
2022-05-23_11-30-32 [restartedMain] INFO  o.a.catalina.core.StandardService - Starting service [Tomcat]
2022-05-23_11-30-32 [restartedMain] INFO  o.a.catalina.core.StandardEngine - Starting Servlet engine: [Apache Tomcat/9.0.41]
2022-05-23_11-30-32 [restartedMain] INFO  o.a.c.c.C.[.[localhost].[/process] - Initializing Spring embedded WebApplicationContext
2022-05-23_11-30-32 [restartedMain] INFO  o.s.b.w.s.c.ServletWebServerApplicationContext - Root WebApplicationContext: initialization completed in 1084 ms
2022-05-23_11-30-32 [restartedMain] INFO  o.s.s.c.ThreadPoolTaskExecutor - Initializing ExecutorService 'applicationTaskExecutor'
2022-05-23_11-30-32 [restartedMain] INFO  o.s.b.a.e.web.EndpointLinksResolver - Exposing 2 endpoint(s) beneath base path '/actuator'
2022-05-23_11-30-32 [restartedMain] INFO  o.a.coyote.http11.Http11NioProtocol - Starting ProtocolHandler ["http-nio-8100"]
2022-05-23_11-30-32 [restartedMain] INFO  o.s.b.w.e.tomcat.TomcatWebServer - Tomcat started on port(s): 8100 (http) with context path '/process'
2022-05-23_11-30-32 [restartedMain] INFO  c.p.p.p.ProcessPensionMicroserviceApplication - Started ProcessPensionMicroserviceApplication in 2.723 seconds (JVM running for 2167.786)
2022-05-23_11-30-32 [restartedMain] INFO  o.s.b.d.a.ConditionEvaluationDeltaLoggingListener - Condition evaluation unchanged
2022-05-23_11-30-32 [Thread-15] INFO  o.s.s.c.ThreadPoolTaskExecutor - Shutting down ExecutorService 'applicationTaskExecutor'
2022-05-23_11-33-39 [restartedMain] INFO  c.p.p.p.ProcessPensionMicroserviceApplication - Starting ProcessPensionMicroserviceApplication using Java 15.0.2 on LAPTOP-99L8IUMB with PID 21748 (G:\Spring and Angular\pms-springboot-microservices\pms-processpension-microservice\target\classes started by KRITHIGA in G:\Spring and Angular\pms-springboot-microservices\pms-processpension-microservice)
2022-05-23_11-33-39 [restartedMain] INFO  c.p.p.p.ProcessPensionMicroserviceApplication - No active profile set, falling back to default profiles: default
2022-05-23_11-33-39 [restartedMain] INFO  o.s.cloud.context.scope.GenericScope - BeanFactory id=75ce6293-5699-3af6-ab19-81c4c1b31a31
2022-05-23_11-33-39 [restartedMain] INFO  o.s.c.s.PostProcessorRegistrationDelegate$BeanPostProcessorChecker - Bean 'com.pms.pension.process.feignclient.AuthorisingClient' of type [org.springframework.cloud.openfeign.FeignClientFactoryBean] is not eligible for getting processed by all BeanPostProcessors (for example: not eligible for auto-proxying)
2022-05-23_11-33-39 [restartedMain] INFO  o.s.c.s.PostProcessorRegistrationDelegate$BeanPostProcessorChecker - Bean 'com.pms.pension.process.feignclient.PensionDisbursementFeignClient' of type [org.springframework.cloud.openfeign.FeignClientFactoryBean] is not eligible for getting processed by all BeanPostProcessors (for example: not eligible for auto-proxying)
2022-05-23_11-33-39 [restartedMain] INFO  o.s.c.s.PostProcessorRegistrationDelegate$BeanPostProcessorChecker - Bean 'com.pms.pension.process.feignclient.PensionerDetailFeignClient' of type [org.springframework.cloud.openfeign.FeignClientFactoryBean] is not eligible for getting processed by all BeanPostProcessors (for example: not eligible for auto-proxying)
2022-05-23_11-33-39 [restartedMain] INFO  o.s.b.w.e.tomcat.TomcatWebServer - Tomcat initialized with port(s): 8100 (http)
2022-05-23_11-33-39 [restartedMain] INFO  o.a.coyote.http11.Http11NioProtocol - Initializing ProtocolHandler ["http-nio-8100"]
2022-05-23_11-33-39 [restartedMain] INFO  o.a.catalina.core.StandardService - Starting service [Tomcat]
2022-05-23_11-33-39 [restartedMain] INFO  o.a.catalina.core.StandardEngine - Starting Servlet engine: [Apache Tomcat/9.0.41]
2022-05-23_11-33-39 [restartedMain] INFO  o.a.c.c.C.[.[localhost].[/process] - Initializing Spring embedded WebApplicationContext
2022-05-23_11-33-39 [restartedMain] INFO  o.s.b.w.s.c.ServletWebServerApplicationContext - Root WebApplicationContext: initialization completed in 523 ms
2022-05-23_11-33-39 [restartedMain] INFO  o.s.s.c.ThreadPoolTaskExecutor - Initializing ExecutorService 'applicationTaskExecutor'
2022-05-23_11-33-39 [restartedMain] INFO  o.s.b.a.e.web.EndpointLinksResolver - Exposing 2 endpoint(s) beneath base path '/actuator'
2022-05-23_11-33-39 [restartedMain] INFO  o.a.coyote.http11.Http11NioProtocol - Starting ProtocolHandler ["http-nio-8100"]
2022-05-23_11-33-39 [restartedMain] INFO  o.s.b.w.e.tomcat.TomcatWebServer - Tomcat started on port(s): 8100 (http) with context path '/process'
2022-05-23_11-33-39 [restartedMain] INFO  c.p.p.p.ProcessPensionMicroserviceApplication - Started ProcessPensionMicroserviceApplication in 1.273 seconds (JVM running for 2353.835)
2022-05-23_11-33-39 [restartedMain] INFO  o.s.b.d.a.ConditionEvaluationDeltaLoggingListener - Condition evaluation unchanged
2022-05-23_11-33-39 [Thread-22] INFO  o.s.s.c.ThreadPoolTaskExecutor - Shutting down ExecutorService 'applicationTaskExecutor'
2022-05-23_11-36-10 [restartedMain] INFO  c.p.p.p.ProcessPensionMicroserviceApplication - Starting ProcessPensionMicroserviceApplication using Java 15.0.2 on LAPTOP-99L8IUMB with PID 21748 (G:\Spring and Angular\pms-springboot-microservices\pms-processpension-microservice\target\classes started by KRITHIGA in G:\Spring and Angular\pms-springboot-microservices\pms-processpension-microservice)
2022-05-23_11-36-10 [restartedMain] INFO  c.p.p.p.ProcessPensionMicroserviceApplication - No active profile set, falling back to default profiles: default
2022-05-23_11-36-10 [restartedMain] INFO  o.s.cloud.context.scope.GenericScope - BeanFactory id=75ce6293-5699-3af6-ab19-81c4c1b31a31
2022-05-23_11-36-10 [restartedMain] INFO  o.s.c.s.PostProcessorRegistrationDelegate$BeanPostProcessorChecker - Bean 'com.pms.pension.process.feignclient.AuthorisingClient' of type [org.springframework.cloud.openfeign.FeignClientFactoryBean] is not eligible for getting processed by all BeanPostProcessors (for example: not eligible for auto-proxying)
2022-05-23_11-36-10 [restartedMain] INFO  o.s.c.s.PostProcessorRegistrationDelegate$BeanPostProcessorChecker - Bean 'com.pms.pension.process.feignclient.PensionDisbursementFeignClient' of type [org.springframework.cloud.openfeign.FeignClientFactoryBean] is not eligible for getting processed by all BeanPostProcessors (for example: not eligible for auto-proxying)
2022-05-23_11-36-10 [restartedMain] INFO  o.s.c.s.PostProcessorRegistrationDelegate$BeanPostProcessorChecker - Bean 'com.pms.pension.process.feignclient.PensionerDetailFeignClient' of type [org.springframework.cloud.openfeign.FeignClientFactoryBean] is not eligible for getting processed by all BeanPostProcessors (for example: not eligible for auto-proxying)
2022-05-23_11-36-10 [restartedMain] INFO  o.s.b.w.e.tomcat.TomcatWebServer - Tomcat initialized with port(s): 8100 (http)
2022-05-23_11-36-10 [restartedMain] INFO  o.a.coyote.http11.Http11NioProtocol - Initializing ProtocolHandler ["http-nio-8100"]
2022-05-23_11-36-10 [restartedMain] INFO  o.a.catalina.core.StandardService - Starting service [Tomcat]
2022-05-23_11-36-10 [restartedMain] INFO  o.a.catalina.core.StandardEngine - Starting Servlet engine: [Apache Tomcat/9.0.41]
2022-05-23_11-36-10 [restartedMain] INFO  o.a.c.c.C.[.[localhost].[/process] - Initializing Spring embedded WebApplicationContext
2022-05-23_11-36-10 [restartedMain] INFO  o.s.b.w.s.c.ServletWebServerApplicationContext - Root WebApplicationContext: initialization completed in 1051 ms
2022-05-23_11-36-10 [restartedMain] INFO  o.s.s.c.ThreadPoolTaskExecutor - Initializing ExecutorService 'applicationTaskExecutor'
2022-05-23_11-36-10 [restartedMain] INFO  o.s.b.a.e.web.EndpointLinksResolver - Exposing 2 endpoint(s) beneath base path '/actuator'
2022-05-23_11-36-10 [restartedMain] INFO  o.a.coyote.http11.Http11NioProtocol - Starting ProtocolHandler ["http-nio-8100"]
2022-05-23_11-36-10 [restartedMain] INFO  o.s.b.w.e.tomcat.TomcatWebServer - Tomcat started on port(s): 8100 (http) with context path '/process'
2022-05-23_11-36-10 [restartedMain] INFO  c.p.p.p.ProcessPensionMicroserviceApplication - Started ProcessPensionMicroserviceApplication in 7.083 seconds (JVM running for 2509.797)
2022-05-23_11-36-10 [restartedMain] INFO  o.s.b.d.a.ConditionEvaluationDeltaLoggingListener - Condition evaluation unchanged
2022-05-23_11-36-10 [Thread-29] INFO  o.s.s.c.ThreadPoolTaskExecutor - Shutting down ExecutorService 'applicationTaskExecutor'
2022-05-23_11-36-17 [restartedMain] INFO  c.p.p.p.ProcessPensionMicroserviceApplication - Starting ProcessPensionMicroserviceApplication using Java 15.0.2 on LAPTOP-99L8IUMB with PID 21748 (G:\Spring and Angular\pms-springboot-microservices\pms-processpension-microservice\target\classes started by KRITHIGA in G:\Spring and Angular\pms-springboot-microservices\pms-processpension-microservice)
2022-05-23_11-36-17 [restartedMain] INFO  c.p.p.p.ProcessPensionMicroserviceApplication - No active profile set, falling back to default profiles: default
2022-05-23_11-36-17 [restartedMain] INFO  o.s.cloud.context.scope.GenericScope - BeanFactory id=75ce6293-5699-3af6-ab19-81c4c1b31a31
2022-05-23_11-36-17 [restartedMain] INFO  o.s.c.s.PostProcessorRegistrationDelegate$BeanPostProcessorChecker - Bean 'com.pms.pension.process.feignclient.AuthorisingClient' of type [org.springframework.cloud.openfeign.FeignClientFactoryBean] is not eligible for getting processed by all BeanPostProcessors (for example: not eligible for auto-proxying)
2022-05-23_11-36-17 [restartedMain] INFO  o.s.c.s.PostProcessorRegistrationDelegate$BeanPostProcessorChecker - Bean 'com.pms.pension.process.feignclient.PensionDisbursementFeignClient' of type [org.springframework.cloud.openfeign.FeignClientFactoryBean] is not eligible for getting processed by all BeanPostProcessors (for example: not eligible for auto-proxying)
2022-05-23_11-36-17 [restartedMain] INFO  o.s.c.s.PostProcessorRegistrationDelegate$BeanPostProcessorChecker - Bean 'com.pms.pension.process.feignclient.PensionerDetailFeignClient' of type [org.springframework.cloud.openfeign.FeignClientFactoryBean] is not eligible for getting processed by all BeanPostProcessors (for example: not eligible for auto-proxying)
2022-05-23_11-36-17 [restartedMain] INFO  o.s.b.w.e.tomcat.TomcatWebServer - Tomcat initialized with port(s): 8100 (http)
2022-05-23_11-36-17 [restartedMain] INFO  o.a.coyote.http11.Http11NioProtocol - Initializing ProtocolHandler ["http-nio-8100"]
2022-05-23_11-36-17 [restartedMain] INFO  o.a.catalina.core.StandardService - Starting service [Tomcat]
2022-05-23_11-36-17 [restartedMain] INFO  o.a.catalina.core.StandardEngine - Starting Servlet engine: [Apache Tomcat/9.0.41]
2022-05-23_11-36-17 [restartedMain] INFO  o.a.c.c.C.[.[localhost].[/process] - Initializing Spring embedded WebApplicationContext
2022-05-23_11-36-17 [restartedMain] INFO  o.s.b.w.s.c.ServletWebServerApplicationContext - Root WebApplicationContext: initialization completed in 1811 ms
2022-05-23_11-36-17 [restartedMain] INFO  o.s.s.c.ThreadPoolTaskExecutor - Initializing ExecutorService 'applicationTaskExecutor'
2022-05-23_11-36-17 [restartedMain] INFO  o.s.b.a.e.web.EndpointLinksResolver - Exposing 2 endpoint(s) beneath base path '/actuator'
2022-05-23_11-36-17 [restartedMain] INFO  o.a.coyote.http11.Http11NioProtocol - Starting ProtocolHandler ["http-nio-8100"]
2022-05-23_11-36-17 [restartedMain] INFO  o.s.b.w.e.tomcat.TomcatWebServer - Tomcat started on port(s): 8100 (http) with context path '/process'
2022-05-23_11-36-17 [restartedMain] INFO  c.p.p.p.ProcessPensionMicroserviceApplication - Started ProcessPensionMicroserviceApplication in 6.333 seconds (JVM running for 2516.283)
2022-05-23_11-36-17 [restartedMain] INFO  o.s.b.d.a.ConditionEvaluationDeltaLoggingListener - Condition evaluation unchanged
2022-05-23_11-36-17 [Thread-36] INFO  o.s.s.c.ThreadPoolTaskExecutor - Shutting down ExecutorService 'applicationTaskExecutor'
2022-05-23_11-36-26 [restartedMain] INFO  c.p.p.p.ProcessPensionMicroserviceApplication - Starting ProcessPensionMicroserviceApplication using Java 15.0.2 on LAPTOP-99L8IUMB with PID 21748 (G:\Spring and Angular\pms-springboot-microservices\pms-processpension-microservice\target\classes started by KRITHIGA in G:\Spring and Angular\pms-springboot-microservices\pms-processpension-microservice)
2022-05-23_11-36-26 [restartedMain] INFO  c.p.p.p.ProcessPensionMicroserviceApplication - No active profile set, falling back to default profiles: default
2022-05-23_11-36-26 [restartedMain] INFO  o.s.cloud.context.scope.GenericScope - BeanFactory id=75ce6293-5699-3af6-ab19-81c4c1b31a31
2022-05-23_11-36-26 [restartedMain] INFO  o.s.c.s.PostProcessorRegistrationDelegate$BeanPostProcessorChecker - Bean 'com.pms.pension.process.feignclient.AuthorisingClient' of type [org.springframework.cloud.openfeign.FeignClientFactoryBean] is not eligible for getting processed by all BeanPostProcessors (for example: not eligible for auto-proxying)
2022-05-23_11-36-26 [restartedMain] INFO  o.s.c.s.PostProcessorRegistrationDelegate$BeanPostProcessorChecker - Bean 'com.pms.pension.process.feignclient.PensionDisbursementFeignClient' of type [org.springframework.cloud.openfeign.FeignClientFactoryBean] is not eligible for getting processed by all BeanPostProcessors (for example: not eligible for auto-proxying)
2022-05-23_11-36-26 [restartedMain] INFO  o.s.c.s.PostProcessorRegistrationDelegate$BeanPostProcessorChecker - Bean 'com.pms.pension.process.feignclient.PensionerDetailFeignClient' of type [org.springframework.cloud.openfeign.FeignClientFactoryBean] is not eligible for getting processed by all BeanPostProcessors (for example: not eligible for auto-proxying)
2022-05-23_11-36-26 [restartedMain] INFO  o.s.b.w.e.tomcat.TomcatWebServer - Tomcat initialized with port(s): 8100 (http)
2022-05-23_11-36-26 [restartedMain] INFO  o.a.coyote.http11.Http11NioProtocol - Initializing ProtocolHandler ["http-nio-8100"]
2022-05-23_11-36-26 [restartedMain] INFO  o.a.catalina.core.StandardService - Starting service [Tomcat]
2022-05-23_11-36-26 [restartedMain] INFO  o.a.catalina.core.StandardEngine - Starting Servlet engine: [Apache Tomcat/9.0.41]
2022-05-23_11-36-26 [restartedMain] INFO  o.a.c.c.C.[.[localhost].[/process] - Initializing Spring embedded WebApplicationContext
2022-05-23_11-36-26 [restartedMain] INFO  o.s.b.w.s.c.ServletWebServerApplicationContext - Root WebApplicationContext: initialization completed in 1250 ms
2022-05-23_11-36-26 [restartedMain] INFO  o.s.s.c.ThreadPoolTaskExecutor - Initializing ExecutorService 'applicationTaskExecutor'
2022-05-23_11-36-26 [restartedMain] INFO  o.s.b.a.e.web.EndpointLinksResolver - Exposing 2 endpoint(s) beneath base path '/actuator'
2022-05-23_11-36-26 [restartedMain] INFO  o.a.coyote.http11.Http11NioProtocol - Starting ProtocolHandler ["http-nio-8100"]
2022-05-23_11-36-26 [restartedMain] INFO  o.s.b.w.e.tomcat.TomcatWebServer - Tomcat started on port(s): 8100 (http) with context path '/process'
2022-05-23_11-36-26 [restartedMain] INFO  c.p.p.p.ProcessPensionMicroserviceApplication - Started ProcessPensionMicroserviceApplication in 4.244 seconds (JVM running for 2521.415)
2022-05-23_11-36-26 [restartedMain] INFO  o.s.b.d.a.ConditionEvaluationDeltaLoggingListener - Condition evaluation unchanged
2022-05-23_11-36-26 [http-nio-8100-exec-1] INFO  o.a.c.c.C.[.[localhost].[/process] - Initializing Spring DispatcherServlet 'dispatcherServlet'
2022-05-23_11-36-26 [http-nio-8100-exec-1] INFO  o.s.web.servlet.DispatcherServlet - Initializing Servlet 'dispatcherServlet'
2022-05-23_11-36-26 [http-nio-8100-exec-1] INFO  o.s.web.servlet.DispatcherServlet - Completed initialization in 1 ms
2022-05-23_11-43-14 [background-preinit] INFO  o.h.validator.internal.util.Version - HV000001: Hibernate Validator 6.1.7.Final
2022-05-23_11-43-14 [restartedMain] INFO  c.p.p.p.ProcessPensionMicroserviceApplication - Starting ProcessPensionMicroserviceApplication using Java 15.0.2 on LAPTOP-99L8IUMB with PID 3108 (G:\Spring and Angular\pms-springboot-microservices\pms-processpension-microservice\target\classes started by KRITHIGA in G:\Spring and Angular\pms-springboot-microservices\pms-processpension-microservice)
2022-05-23_11-43-14 [restartedMain] INFO  c.p.p.p.ProcessPensionMicroserviceApplication - No active profile set, falling back to default profiles: default
2022-05-23_11-43-14 [restartedMain] INFO  o.s.b.d.e.DevToolsPropertyDefaultsPostProcessor - Devtools property defaults active! Set 'spring.devtools.add-properties' to 'false' to disable
2022-05-23_11-43-14 [restartedMain] INFO  o.s.b.d.e.DevToolsPropertyDefaultsPostProcessor - For additional web related logging consider setting the 'logging.level.web' property to 'DEBUG'
2022-05-23_11-43-14 [restartedMain] INFO  o.s.cloud.context.scope.GenericScope - BeanFactory id=ab868299-88bc-37d1-96b5-a5292a2d5901
2022-05-23_11-43-14 [restartedMain] INFO  o.s.c.s.PostProcessorRegistrationDelegate$BeanPostProcessorChecker - Bean 'com.pms.pension.process.feignclient.AuthorisingClient' of type [org.springframework.cloud.openfeign.FeignClientFactoryBean] is not eligible for getting processed by all BeanPostProcessors (for example: not eligible for auto-proxying)
2022-05-23_11-43-14 [restartedMain] INFO  o.s.c.s.PostProcessorRegistrationDelegate$BeanPostProcessorChecker - Bean 'com.pms.pension.process.feignclient.PensionDisbursementFeignClient' of type [org.springframework.cloud.openfeign.FeignClientFactoryBean] is not eligible for getting processed by all BeanPostProcessors (for example: not eligible for auto-proxying)
2022-05-23_11-43-14 [restartedMain] INFO  o.s.c.s.PostProcessorRegistrationDelegate$BeanPostProcessorChecker - Bean 'com.pms.pension.process.feignclient.PensionerDetailFeignClient' of type [org.springframework.cloud.openfeign.FeignClientFactoryBean] is not eligible for getting processed by all BeanPostProcessors (for example: not eligible for auto-proxying)
2022-05-23_11-43-14 [restartedMain] INFO  o.s.b.w.e.tomcat.TomcatWebServer - Tomcat initialized with port(s): 8100 (http)
2022-05-23_11-43-14 [restartedMain] INFO  o.a.coyote.http11.Http11NioProtocol - Initializing ProtocolHandler ["http-nio-8100"]
2022-05-23_11-43-14 [restartedMain] INFO  o.a.catalina.core.StandardService - Starting service [Tomcat]
2022-05-23_11-43-14 [restartedMain] INFO  o.a.catalina.core.StandardEngine - Starting Servlet engine: [Apache Tomcat/9.0.41]
2022-05-23_11-43-14 [restartedMain] INFO  o.a.c.c.C.[.[localhost].[/process] - Initializing Spring embedded WebApplicationContext
2022-05-23_11-43-14 [restartedMain] INFO  o.s.b.w.s.c.ServletWebServerApplicationContext - Root WebApplicationContext: initialization completed in 4712 ms
2022-05-23_11-43-14 [restartedMain] INFO  o.s.s.c.ThreadPoolTaskExecutor - Initializing ExecutorService 'applicationTaskExecutor'
2022-05-23_11-43-14 [restartedMain] INFO  o.s.b.a.e.web.EndpointLinksResolver - Exposing 2 endpoint(s) beneath base path '/actuator'
2022-05-23_11-43-14 [restartedMain] INFO  o.a.coyote.http11.Http11NioProtocol - Starting ProtocolHandler ["http-nio-8100"]
2022-05-23_11-43-14 [restartedMain] INFO  o.s.b.w.e.tomcat.TomcatWebServer - Tomcat started on port(s): 8100 (http) with context path '/process'
2022-05-23_11-43-14 [restartedMain] INFO  c.p.p.p.ProcessPensionMicroserviceApplication - Started ProcessPensionMicroserviceApplication in 10.941 seconds (JVM running for 13.171)
2022-05-23_11-43-14 [http-nio-8100-exec-1] INFO  o.a.c.c.C.[.[localhost].[/process] - Initializing Spring DispatcherServlet 'dispatcherServlet'
2022-05-23_11-43-14 [http-nio-8100-exec-1] INFO  o.s.web.servlet.DispatcherServlet - Initializing Servlet 'dispatcherServlet'
2022-05-23_11-43-14 [http-nio-8100-exec-1] INFO  o.s.web.servlet.DispatcherServlet - Completed initialization in 3 ms
2022-05-23_11-43-14 [http-nio-8100-exec-8] INFO  o.s.api.AbstractOpenApiResource - Init duration for springdoc-openapi is: 395 ms
